Compiling 272 files with Solc 0.8.26
Solc 0.8.26 finished in 327.28ms
Error: Compiler run failed:
Error (2333): Identifier already declared.
  --> script/DeploySepoliaWithRealTokens.s.sol:10:1:
   |
10 | import "../contracts/core/FxUSDBasePool.sol";
   | ^^^^^^^^^^^^^^^^^^^^^^^^^^^^^^^^^^^^^^^^^^^^^
Note: The previous declaration is here:
  --> node_modules/@openzeppelin/contracts-upgradeable-v4/access/AccessControlUpgradeable.sol:51:1:
   |
51 | abstract contract AccessControlUpgradeable is Initializable, ContextUpgradeable, IAccessControlUpgradeable, ERC165Upgradeable {
   | ^ (Relevant source part starts here and spans across multiple lines).

Error (2333): Identifier already declared.
  --> script/DeploySepoliaWithRealTokens.s.sol:10:1:
   |
10 | import "../contracts/core/FxUSDBasePool.sol";
   | ^^^^^^^^^^^^^^^^^^^^^^^^^^^^^^^^^^^^^^^^^^^^^
Note: The previous declaration is here:
  --> node_modules/@openzeppelin/contracts-upgradeable-v4/token/ERC20/extensions/ERC20PermitUpgradeable.sol:25:1:
   |
25 | abstract contract ERC20PermitUpgradeable is Initializable, ERC20Upgradeable, IERC20PermitUpgradeable, EIP712Upgradeable {
   | ^ (Relevant source part starts here and spans across multiple lines).

Error (2333): Identifier already declared.
  --> script/DeploySepoliaWithRealTokens.s.sol:11:1:
   |
11 | import "../contracts/core/PegKeeper.sol";
   | ^^^^^^^^^^^^^^^^^^^^^^^^^^^^^^^^^^^^^^^^^
Note: The previous declaration is here:
  --> node_modules/@openzeppelin/contracts-upgradeable-v4/access/AccessControlUpgradeable.sol:51:1:
   |
51 | abstract contract AccessControlUpgradeable is Initializable, ContextUpgradeable, IAccessControlUpgradeable, ERC165Upgradeable {
   | ^ (Relevant source part starts here and spans across multiple lines).

Error (2333): Identifier already declared.
  --> script/DeploySepoliaWithRealTokens.s.sol:24:1:
   |
24 | import "../contracts/price-oracle/ETHPriceOracle.sol";
   | ^^^^^^^^^^^^^^^^^^^^^^^^^^^^^^^^^^^^^^^^^^^^^^^^^^^^^^
Note: The previous declaration is here:
 --> contracts/libraries/Math.sol:5:1:
  |
5 | library Math {
  | ^ (Relevant source part starts here and spans across multiple lines).
